ARM GAS  C:\Users\MATEUS~1\AppData\Local\Temp\cc4sgKOJ.s 			page 1


   1              		.syntax unified
   2              		.cpu cortex-m3
   3              		.fpu softvfp
   4              		.eabi_attribute 20, 1
   5              		.eabi_attribute 21, 1
   6              		.eabi_attribute 23, 3
   7              		.eabi_attribute 24, 1
   8              		.eabi_attribute 25, 1
   9              		.eabi_attribute 26, 1
  10              		.eabi_attribute 30, 6
  11              		.eabi_attribute 34, 1
  12              		.eabi_attribute 18, 4
  13              		.thumb
  14              		.syntax unified
  15              		.file	"gpio.c"
  16              		.text
  17              	.Ltext0:
  18              		.cfi_sections	.debug_frame
  19              		.section	.text.MX_GPIO_Init,"ax",%progbits
  20              		.align	2
  21              		.global	MX_GPIO_Init
  22              		.thumb
  23              		.thumb_func
  25              	MX_GPIO_Init:
  26              	.LFB64:
  27              		.file 1 "Src/gpio.c"
   1:Src/gpio.c    **** /**
   2:Src/gpio.c    ****   ******************************************************************************
   3:Src/gpio.c    ****   * File Name          : gpio.c
   4:Src/gpio.c    ****   * Description        : This file provides code for the configuration
   5:Src/gpio.c    ****   *                      of all used GPIO pins.
   6:Src/gpio.c    ****   ******************************************************************************
   7:Src/gpio.c    ****   ** This notice applies to any and all portions of this file
   8:Src/gpio.c    ****   * that are not between comment pairs USER CODE BEGIN and
   9:Src/gpio.c    ****   * USER CODE END. Other portions of this file, whether 
  10:Src/gpio.c    ****   * inserted by the user or by software development tools
  11:Src/gpio.c    ****   * are owned by their respective copyright owners.
  12:Src/gpio.c    ****   *
  13:Src/gpio.c    ****   * COPYRIGHT(c) 2018 STMicroelectronics
  14:Src/gpio.c    ****   *
  15:Src/gpio.c    ****   * Redistribution and use in source and binary forms, with or without modification,
  16:Src/gpio.c    ****   * are permitted provided that the following conditions are met:
  17:Src/gpio.c    ****   *   1. Redistributions of source code must retain the above copyright notice,
  18:Src/gpio.c    ****   *      this list of conditions and the following disclaimer.
  19:Src/gpio.c    ****   *   2. Redistributions in binary form must reproduce the above copyright notice,
  20:Src/gpio.c    ****   *      this list of conditions and the following disclaimer in the documentation
  21:Src/gpio.c    ****   *      and/or other materials provided with the distribution.
  22:Src/gpio.c    ****   *   3. Neither the name of STMicroelectronics nor the names of its contributors
  23:Src/gpio.c    ****   *      may be used to endorse or promote products derived from this software
  24:Src/gpio.c    ****   *      without specific prior written permission.
  25:Src/gpio.c    ****   *
  26:Src/gpio.c    ****   * THIS SOFTWARE IS PROVIDED BY THE COPYRIGHT HOLDERS AND CONTRIBUTORS "AS IS"
  27:Src/gpio.c    ****   * AND ANY EXPRESS OR IMPLIED WARRANTIES, INCLUDING, BUT NOT LIMITED TO, THE
  28:Src/gpio.c    ****   * IMPLIED WARRANTIES OF MERCHANTABILITY AND FITNESS FOR A PARTICULAR PURPOSE ARE
  29:Src/gpio.c    ****   * DISCLAIMED. IN NO EVENT SHALL THE COPYRIGHT HOLDER OR CONTRIBUTORS BE LIABLE
  30:Src/gpio.c    ****   * FOR ANY DIRECT, INDIRECT, INCIDENTAL, SPECIAL, EXEMPLARY, OR CONSEQUENTIAL
  31:Src/gpio.c    ****   * DAMAGES (INCLUDING, BUT NOT LIMITED TO, PROCUREMENT OF SUBSTITUTE GOODS OR
ARM GAS  C:\Users\MATEUS~1\AppData\Local\Temp\cc4sgKOJ.s 			page 2


  32:Src/gpio.c    ****   * SERVICES; LOSS OF USE, DATA, OR PROFITS; OR BUSINESS INTERRUPTION) HOWEVER
  33:Src/gpio.c    ****   * CAUSED AND ON ANY THEORY OF LIABILITY, WHETHER IN CONTRACT, STRICT LIABILITY,
  34:Src/gpio.c    ****   * OR TORT (INCLUDING NEGLIGENCE OR OTHERWISE) ARISING IN ANY WAY OUT OF THE USE
  35:Src/gpio.c    ****   * OF THIS SOFTWARE, EVEN IF ADVISED OF THE POSSIBILITY OF SUCH DAMAGE.
  36:Src/gpio.c    ****   *
  37:Src/gpio.c    ****   ******************************************************************************
  38:Src/gpio.c    ****   */
  39:Src/gpio.c    **** 
  40:Src/gpio.c    **** /* Includes ------------------------------------------------------------------*/
  41:Src/gpio.c    **** #include "gpio.h"
  42:Src/gpio.c    **** /* USER CODE BEGIN 0 */
  43:Src/gpio.c    **** 
  44:Src/gpio.c    **** /* USER CODE END 0 */
  45:Src/gpio.c    **** 
  46:Src/gpio.c    **** /*----------------------------------------------------------------------------*/
  47:Src/gpio.c    **** /* Configure GPIO                                                             */
  48:Src/gpio.c    **** /*----------------------------------------------------------------------------*/
  49:Src/gpio.c    **** /* USER CODE BEGIN 1 */
  50:Src/gpio.c    **** 
  51:Src/gpio.c    **** /* USER CODE END 1 */
  52:Src/gpio.c    **** 
  53:Src/gpio.c    **** /** Configure pins as 
  54:Src/gpio.c    ****         * Analog 
  55:Src/gpio.c    ****         * Input 
  56:Src/gpio.c    ****         * Output
  57:Src/gpio.c    ****         * EVENT_OUT
  58:Src/gpio.c    ****         * EXTI
  59:Src/gpio.c    **** */
  60:Src/gpio.c    **** void MX_GPIO_Init(void)
  61:Src/gpio.c    **** {
  28              		.loc 1 61 0
  29              		.cfi_startproc
  30              		@ args = 0, pretend = 0, frame = 32
  31              		@ frame_needed = 1, uses_anonymous_args = 0
  32 0000 80B5     		push	{r7, lr}
  33              	.LCFI0:
  34              		.cfi_def_cfa_offset 8
  35              		.cfi_offset 7, -8
  36              		.cfi_offset 14, -4
  37 0002 88B0     		sub	sp, sp, #32
  38              	.LCFI1:
  39              		.cfi_def_cfa_offset 40
  40 0004 00AF     		add	r7, sp, #0
  41              	.LCFI2:
  42              		.cfi_def_cfa_register 7
  43              	.LBB2:
  62:Src/gpio.c    **** 
  63:Src/gpio.c    ****   GPIO_InitTypeDef GPIO_InitStruct;
  64:Src/gpio.c    **** 
  65:Src/gpio.c    ****   /* GPIO Ports Clock Enable */
  66:Src/gpio.c    ****   __HAL_RCC_GPIOC_CLK_ENABLE();
  44              		.loc 1 66 0
  45 0006 284A     		ldr	r2, .L2
  46 0008 274B     		ldr	r3, .L2
  47 000a 9B69     		ldr	r3, [r3, #24]
  48 000c 43F01003 		orr	r3, r3, #16
  49 0010 9361     		str	r3, [r2, #24]
ARM GAS  C:\Users\MATEUS~1\AppData\Local\Temp\cc4sgKOJ.s 			page 3


  50 0012 254B     		ldr	r3, .L2
  51 0014 9B69     		ldr	r3, [r3, #24]
  52 0016 03F01003 		and	r3, r3, #16
  53 001a FB60     		str	r3, [r7, #12]
  54 001c FB68     		ldr	r3, [r7, #12]
  55              	.LBE2:
  56              	.LBB3:
  67:Src/gpio.c    ****   __HAL_RCC_GPIOB_CLK_ENABLE();
  57              		.loc 1 67 0
  58 001e 224A     		ldr	r2, .L2
  59 0020 214B     		ldr	r3, .L2
  60 0022 9B69     		ldr	r3, [r3, #24]
  61 0024 43F00803 		orr	r3, r3, #8
  62 0028 9361     		str	r3, [r2, #24]
  63 002a 1F4B     		ldr	r3, .L2
  64 002c 9B69     		ldr	r3, [r3, #24]
  65 002e 03F00803 		and	r3, r3, #8
  66 0032 BB60     		str	r3, [r7, #8]
  67 0034 BB68     		ldr	r3, [r7, #8]
  68              	.LBE3:
  69              	.LBB4:
  68:Src/gpio.c    ****   __HAL_RCC_GPIOA_CLK_ENABLE();
  70              		.loc 1 68 0
  71 0036 1C4A     		ldr	r2, .L2
  72 0038 1B4B     		ldr	r3, .L2
  73 003a 9B69     		ldr	r3, [r3, #24]
  74 003c 43F00403 		orr	r3, r3, #4
  75 0040 9361     		str	r3, [r2, #24]
  76 0042 194B     		ldr	r3, .L2
  77 0044 9B69     		ldr	r3, [r3, #24]
  78 0046 03F00403 		and	r3, r3, #4
  79 004a 7B60     		str	r3, [r7, #4]
  80 004c 7B68     		ldr	r3, [r7, #4]
  81              	.LBE4:
  69:Src/gpio.c    **** 
  70:Src/gpio.c    ****   /*Configure GPIO pins : PC13 PC14 */
  71:Src/gpio.c    ****   GPIO_InitStruct.Pin = GPIO_PIN_13|GPIO_PIN_14;
  82              		.loc 1 71 0
  83 004e 4FF4C043 		mov	r3, #24576
  84 0052 3B61     		str	r3, [r7, #16]
  72:Src/gpio.c    ****   GPIO_InitStruct.Mode = GPIO_MODE_IT_FALLING;
  85              		.loc 1 72 0
  86 0054 154B     		ldr	r3, .L2+4
  87 0056 7B61     		str	r3, [r7, #20]
  73:Src/gpio.c    ****   GPIO_InitStruct.Pull = GPIO_PULLUP;
  88              		.loc 1 73 0
  89 0058 0123     		movs	r3, #1
  90 005a BB61     		str	r3, [r7, #24]
  74:Src/gpio.c    ****   HAL_GPIO_Init(GPIOC, &GPIO_InitStruct);
  91              		.loc 1 74 0
  92 005c 07F11003 		add	r3, r7, #16
  93 0060 1946     		mov	r1, r3
  94 0062 1348     		ldr	r0, .L2+8
  95 0064 FFF7FEFF 		bl	HAL_GPIO_Init
  75:Src/gpio.c    **** 
  76:Src/gpio.c    ****   /*Configure GPIO pin : PB1 */
  77:Src/gpio.c    ****   GPIO_InitStruct.Pin = GPIO_PIN_1;
ARM GAS  C:\Users\MATEUS~1\AppData\Local\Temp\cc4sgKOJ.s 			page 4


  96              		.loc 1 77 0
  97 0068 0223     		movs	r3, #2
  98 006a 3B61     		str	r3, [r7, #16]
  78:Src/gpio.c    ****   GPIO_InitStruct.Mode = GPIO_MODE_IT_FALLING;
  99              		.loc 1 78 0
 100 006c 0F4B     		ldr	r3, .L2+4
 101 006e 7B61     		str	r3, [r7, #20]
  79:Src/gpio.c    ****   GPIO_InitStruct.Pull = GPIO_PULLUP;
 102              		.loc 1 79 0
 103 0070 0123     		movs	r3, #1
 104 0072 BB61     		str	r3, [r7, #24]
  80:Src/gpio.c    ****   HAL_GPIO_Init(GPIOB, &GPIO_InitStruct);
 105              		.loc 1 80 0
 106 0074 07F11003 		add	r3, r7, #16
 107 0078 1946     		mov	r1, r3
 108 007a 0E48     		ldr	r0, .L2+12
 109 007c FFF7FEFF 		bl	HAL_GPIO_Init
  81:Src/gpio.c    **** 
  82:Src/gpio.c    ****   /* EXTI interrupt init*/
  83:Src/gpio.c    ****   HAL_NVIC_SetPriority(EXTI1_IRQn, 0, 0);
 110              		.loc 1 83 0
 111 0080 0022     		movs	r2, #0
 112 0082 0021     		movs	r1, #0
 113 0084 0720     		movs	r0, #7
 114 0086 FFF7FEFF 		bl	HAL_NVIC_SetPriority
  84:Src/gpio.c    ****   HAL_NVIC_EnableIRQ(EXTI1_IRQn);
 115              		.loc 1 84 0
 116 008a 0720     		movs	r0, #7
 117 008c FFF7FEFF 		bl	HAL_NVIC_EnableIRQ
  85:Src/gpio.c    **** 
  86:Src/gpio.c    ****   HAL_NVIC_SetPriority(EXTI15_10_IRQn, 0, 0);
 118              		.loc 1 86 0
 119 0090 0022     		movs	r2, #0
 120 0092 0021     		movs	r1, #0
 121 0094 2820     		movs	r0, #40
 122 0096 FFF7FEFF 		bl	HAL_NVIC_SetPriority
  87:Src/gpio.c    ****   HAL_NVIC_EnableIRQ(EXTI15_10_IRQn);
 123              		.loc 1 87 0
 124 009a 2820     		movs	r0, #40
 125 009c FFF7FEFF 		bl	HAL_NVIC_EnableIRQ
  88:Src/gpio.c    **** 
  89:Src/gpio.c    **** }
 126              		.loc 1 89 0
 127 00a0 00BF     		nop
 128 00a2 2037     		adds	r7, r7, #32
 129              	.LCFI3:
 130              		.cfi_def_cfa_offset 8
 131 00a4 BD46     		mov	sp, r7
 132              	.LCFI4:
 133              		.cfi_def_cfa_register 13
 134              		@ sp needed
 135 00a6 80BD     		pop	{r7, pc}
 136              	.L3:
 137              		.align	2
 138              	.L2:
 139 00a8 00100240 		.word	1073876992
 140 00ac 00002110 		.word	270598144
ARM GAS  C:\Users\MATEUS~1\AppData\Local\Temp\cc4sgKOJ.s 			page 5


 141 00b0 00100140 		.word	1073811456
 142 00b4 000C0140 		.word	1073810432
 143              		.cfi_endproc
 144              	.LFE64:
 146              		.text
 147              	.Letext0:
 148              		.file 2 "c:\\program files (x86)\\gnu tools arm embedded\\5.4 2016q3\\arm-none-eabi\\include\\mach
 149              		.file 3 "c:\\program files (x86)\\gnu tools arm embedded\\5.4 2016q3\\arm-none-eabi\\include\\sys\
 150              		.file 4 "Drivers/CMSIS/Device/ST/STM32F1xx/Include/stm32f103xb.h"
 151              		.file 5 "Drivers/STM32F1xx_HAL_Driver/Inc/stm32f1xx_hal_gpio.h"
 152              		.file 6 "Drivers/CMSIS/Include/core_cm3.h"
ARM GAS  C:\Users\MATEUS~1\AppData\Local\Temp\cc4sgKOJ.s 			page 6


DEFINED SYMBOLS
                            *ABS*:00000000 gpio.c
C:\Users\MATEUS~1\AppData\Local\Temp\cc4sgKOJ.s:20     .text.MX_GPIO_Init:00000000 $t
C:\Users\MATEUS~1\AppData\Local\Temp\cc4sgKOJ.s:25     .text.MX_GPIO_Init:00000000 MX_GPIO_Init
C:\Users\MATEUS~1\AppData\Local\Temp\cc4sgKOJ.s:139    .text.MX_GPIO_Init:000000a8 $d
                     .debug_frame:00000010 $d
                           .group:00000000 wm4.0.8e003669b0c71c0a33544209f61bc06c
                           .group:00000000 wm4.main.h.42.3e9602f258f21c216c24749e16771da2
                           .group:00000000 wm4.stm32f1xx_hal_conf.h.52.694831360934fa22cef97aea9ad52ec0
                           .group:00000000 wm4.stm32f1xx.h.57.c2a10934f4c6830aeb7e4997f02806f1
                           .group:00000000 wm4.stm32f103xb.h.56.66305a77cea9d5300aac997a78930076
                           .group:00000000 wm4._newlib_version.h.4.ad342815780c8db09778091a421b5b5b
                           .group:00000000 wm4.features.h.33.d97f2d646536517df901beeb5b9993f5
                           .group:00000000 wm4._default_types.h.15.933e8edd27a65e0b69af4a865eb623d2
                           .group:00000000 wm4._intsup.h.10.b82bf99f69d6a5c085fc866de0d3eb9b
                           .group:00000000 wm4._stdint.h.10.7a5f60e6741af4a5594a3867d347e1f9
                           .group:00000000 wm4.stdint.h.23.373a9d32a9e4c2e88fd347156532d281
                           .group:00000000 wm4.core_cm3.h.74.7d5fecd6d4522d755d10a23d1542f805
                           .group:00000000 wm4.cmsis_gcc.h.36.67d2dcde6a14ff518eedc1d545d89a76
                           .group:00000000 wm4.core_cm3.h.175.a6c441adf1a05ce96eea3cf78e6687ab
                           .group:00000000 wm4.stm32f103xb.h.619.382b3c85cac6f0350ee5bfaff32e1ebc
                           .group:00000000 wm4.stm32f1xx.h.180.c0013e6ebd6ad07f67c298190b8eac92
                           .group:00000000 wm4.newlib.h.8.36dd0417407b0a085bc04c49cc2ed13a
                           .group:00000000 wm4.config.h.219.65a553ab5bef5482f0d7880b0d33015e
                           .group:00000000 wm4._ansi.h.23.9f8fcfa20193763fcf364fb91705c94b
                           .group:00000000 wm4.stdio.h.31.7c0e28c411445f3f9c5b11accf882760
                           .group:00000000 wm4.stddef.h.187.2ff233552538c6ff9b8575ca8ea52cb3
                           .group:00000000 wm4.cdefs.h.47.ba62642086d429b4f95c2381cae1c0aa
                           .group:00000000 wm4.stddef.h.39.ec95e8feac892e292b69dc7ae75b0d64
                           .group:00000000 wm4.stdarg.h.34.3a23a216c0c293b3d2ea2e89281481e6
                           .group:00000000 wm4.lock.h.2.9bc98482741e5e2a9450b12934a684ea
                           .group:00000000 wm4._types.h.125.5cf8a495f1f7ef36777ad868a1e32068
                           .group:00000000 wm4.stddef.h.161.5349cb105733e8777bfb0cf53c4e3f34
                           .group:00000000 wm4._types.h.183.c226d164ceca1f2ecb9ae9360c54a098
                           .group:00000000 wm4.reent.h.17.23b059516345f8f5abfa01ddc379570f
                           .group:00000000 wm4.types.h.40.e8c16e7ec36ba55f133d0616070e25fc
                           .group:00000000 wm4._endian.h.31.65a10590763c3dde1ac4a7f66d7d4891
                           .group:00000000 wm4.endian.h.9.49f3a4695c1b61e8a0808de3c4a106cb
                           .group:00000000 wm4._timeval.h.30.0e8bfd94e85db17dda3286ee81496fe6
                           .group:00000000 wm4.timespec.h.41.d855182eb0e690443ab8651bcedca6e1
                           .group:00000000 wm4.select.h.30.bbece7fa40993a78092dcc5805132560
                           .group:00000000 wm4.types.h.69.ed3eae3cf73030a737515151ebcab7a1
                           .group:00000000 wm4.stdio.h.2.4aa87247282eca6c8f36f9de33d8df1a
                           .group:00000000 wm4.stdio.h.81.8188691c2279eac7a223caa50f6694b9
                           .group:00000000 wm4.stm32f1xx_hal_def.h.75.49f74f1b76b21b32115f01d919dedfe9
                           .group:00000000 wm4.stm32f1xx_hal_rcc.h.110.e8776981928b0b5f4b34a0798958a52d
                           .group:00000000 wm4.stm32f1xx_hal_rcc_ex.h.38.d69020e892acea139e28d501e199a898
                           .group:00000000 wm4.stm32f1xx_hal_rcc.h.1217.4363bfbab2bddd7821442b2bd7309b62
                           .group:00000000 wm4.stm32f1xx_hal_gpio.h.38.154e4ee32f1e606c3d2bf481de68fa8f
                           .group:00000000 wm4.stm32f1xx_hal_gpio_ex.h.38.b1760b0a36205a773f96b64105bf573b
                           .group:00000000 wm4.stm32f1xx_hal_gpio.h.279.f7fb4bf14b992a51de3ea5920d36cbc8
                           .group:00000000 wm4.stm32f1xx_hal_dma.h.38.7ba73d8fbb5802987cd3c94d3cb2acfc
                           .group:00000000 wm4.stm32f1xx_hal_dma_ex.h.38.c1f016a34e6785541786945b74870a35
                           .group:00000000 wm4.stm32f1xx_hal_dma.h.425.ea703e7b8c2a94afae7354b55b709b4c
                           .group:00000000 wm4.stm32f1xx_hal_cortex.h.38.886490b3101139066008b34124bf11c4
                           .group:00000000 wm4.stm32f1xx_hal_flash.h.38.bef5191653b2e1c62feeefaeb5a5cc36
                           .group:00000000 wm4.stm32f1xx_hal_flash_ex.h.38.e594fb3e52b67489b87423fe0ced0812
ARM GAS  C:\Users\MATEUS~1\AppData\Local\Temp\cc4sgKOJ.s 			page 7


                           .group:00000000 wm4.stm32f1xx_hal_pwr.h.38.f2410f2a88433ca6e6e66491f47a406f
                           .group:00000000 wm4.stm32f1xx_hal.h.101.c80f672c38b2f88a7deb75929f9f6bbe

UNDEFINED SYMBOLS
HAL_GPIO_Init
HAL_NVIC_SetPriority
HAL_NVIC_EnableIRQ
