ARM GAS  C:\Users\MATEUS~1\AppData\Local\Temp\ccDCQdAo.s 			page 1


   1              		.syntax unified
   2              		.cpu cortex-m3
   3              		.fpu softvfp
   4              		.eabi_attribute 20, 1
   5              		.eabi_attribute 21, 1
   6              		.eabi_attribute 23, 3
   7              		.eabi_attribute 24, 1
   8              		.eabi_attribute 25, 1
   9              		.eabi_attribute 26, 1
  10              		.eabi_attribute 30, 6
  11              		.eabi_attribute 34, 1
  12              		.eabi_attribute 18, 4
  13              		.thumb
  14              		.syntax unified
  15              		.file	"stm32f1xx_hal_tim_ex.c"
  16              		.text
  17              	.Ltext0:
  18              		.cfi_sections	.debug_frame
  19              	.Letext0:
  20              		.file 1 "c:\\program files (x86)\\gnu tools arm embedded\\5.4 2016q3\\arm-none-eabi\\include\\mach
  21              		.file 2 "c:\\program files (x86)\\gnu tools arm embedded\\5.4 2016q3\\arm-none-eabi\\include\\sys\
  22              		.file 3 "Drivers/CMSIS/Include/core_cm3.h"
ARM GAS  C:\Users\MATEUS~1\AppData\Local\Temp\ccDCQdAo.s 			page 2


DEFINED SYMBOLS
                            *ABS*:00000000 stm32f1xx_hal_tim_ex.c
                           .group:00000000 wm4.0.8e003669b0c71c0a33544209f61bc06c
                           .group:00000000 wm4.main.h.42.3e9602f258f21c216c24749e16771da2
                           .group:00000000 wm4.stm32f1xx_hal_conf.h.52.694831360934fa22cef97aea9ad52ec0
                           .group:00000000 wm4.stm32f1xx.h.57.c2a10934f4c6830aeb7e4997f02806f1
                           .group:00000000 wm4.stm32f103xb.h.56.66305a77cea9d5300aac997a78930076
                           .group:00000000 wm4._newlib_version.h.4.ad342815780c8db09778091a421b5b5b
                           .group:00000000 wm4.features.h.33.d97f2d646536517df901beeb5b9993f5
                           .group:00000000 wm4._default_types.h.15.933e8edd27a65e0b69af4a865eb623d2
                           .group:00000000 wm4._intsup.h.10.b82bf99f69d6a5c085fc866de0d3eb9b
                           .group:00000000 wm4._stdint.h.10.7a5f60e6741af4a5594a3867d347e1f9
                           .group:00000000 wm4.stdint.h.23.373a9d32a9e4c2e88fd347156532d281
                           .group:00000000 wm4.core_cm3.h.74.7d5fecd6d4522d755d10a23d1542f805
                           .group:00000000 wm4.cmsis_gcc.h.36.67d2dcde6a14ff518eedc1d545d89a76
                           .group:00000000 wm4.core_cm3.h.175.a6c441adf1a05ce96eea3cf78e6687ab
                           .group:00000000 wm4.stm32f103xb.h.619.382b3c85cac6f0350ee5bfaff32e1ebc
                           .group:00000000 wm4.stm32f1xx.h.180.c0013e6ebd6ad07f67c298190b8eac92
                           .group:00000000 wm4.newlib.h.8.36dd0417407b0a085bc04c49cc2ed13a
                           .group:00000000 wm4.config.h.219.65a553ab5bef5482f0d7880b0d33015e
                           .group:00000000 wm4._ansi.h.23.9f8fcfa20193763fcf364fb91705c94b
                           .group:00000000 wm4.stdio.h.31.7c0e28c411445f3f9c5b11accf882760
                           .group:00000000 wm4.stddef.h.187.2ff233552538c6ff9b8575ca8ea52cb3
                           .group:00000000 wm4.cdefs.h.47.ba62642086d429b4f95c2381cae1c0aa
                           .group:00000000 wm4.stddef.h.39.ec95e8feac892e292b69dc7ae75b0d64
                           .group:00000000 wm4.stdarg.h.34.3a23a216c0c293b3d2ea2e89281481e6
                           .group:00000000 wm4.lock.h.2.9bc98482741e5e2a9450b12934a684ea
                           .group:00000000 wm4._types.h.125.5cf8a495f1f7ef36777ad868a1e32068
                           .group:00000000 wm4.stddef.h.161.5349cb105733e8777bfb0cf53c4e3f34
                           .group:00000000 wm4._types.h.183.c226d164ceca1f2ecb9ae9360c54a098
                           .group:00000000 wm4.reent.h.17.23b059516345f8f5abfa01ddc379570f
                           .group:00000000 wm4.types.h.40.e8c16e7ec36ba55f133d0616070e25fc
                           .group:00000000 wm4._endian.h.31.65a10590763c3dde1ac4a7f66d7d4891
                           .group:00000000 wm4.endian.h.9.49f3a4695c1b61e8a0808de3c4a106cb
                           .group:00000000 wm4._timeval.h.30.0e8bfd94e85db17dda3286ee81496fe6
                           .group:00000000 wm4.timespec.h.41.d855182eb0e690443ab8651bcedca6e1
                           .group:00000000 wm4.select.h.30.bbece7fa40993a78092dcc5805132560
                           .group:00000000 wm4.types.h.69.ed3eae3cf73030a737515151ebcab7a1
                           .group:00000000 wm4.stdio.h.2.4aa87247282eca6c8f36f9de33d8df1a
                           .group:00000000 wm4.stdio.h.81.8188691c2279eac7a223caa50f6694b9
                           .group:00000000 wm4.stm32f1xx_hal_def.h.75.49f74f1b76b21b32115f01d919dedfe9
                           .group:00000000 wm4.stm32f1xx_hal_rcc.h.110.e8776981928b0b5f4b34a0798958a52d
                           .group:00000000 wm4.stm32f1xx_hal_rcc_ex.h.38.d69020e892acea139e28d501e199a898
                           .group:00000000 wm4.stm32f1xx_hal_rcc.h.1217.4363bfbab2bddd7821442b2bd7309b62
                           .group:00000000 wm4.stm32f1xx_hal_gpio.h.38.154e4ee32f1e606c3d2bf481de68fa8f
                           .group:00000000 wm4.stm32f1xx_hal_gpio_ex.h.38.b1760b0a36205a773f96b64105bf573b
                           .group:00000000 wm4.stm32f1xx_hal_gpio.h.279.f7fb4bf14b992a51de3ea5920d36cbc8
                           .group:00000000 wm4.stm32f1xx_hal_dma.h.38.7ba73d8fbb5802987cd3c94d3cb2acfc
                           .group:00000000 wm4.stm32f1xx_hal_dma_ex.h.38.c1f016a34e6785541786945b74870a35
                           .group:00000000 wm4.stm32f1xx_hal_dma.h.425.ea703e7b8c2a94afae7354b55b709b4c
                           .group:00000000 wm4.stm32f1xx_hal_cortex.h.38.886490b3101139066008b34124bf11c4
                           .group:00000000 wm4.stm32f1xx_hal_flash.h.38.bef5191653b2e1c62feeefaeb5a5cc36
                           .group:00000000 wm4.stm32f1xx_hal_flash_ex.h.38.e594fb3e52b67489b87423fe0ced0812
                           .group:00000000 wm4.stm32f1xx_hal_pwr.h.38.f2410f2a88433ca6e6e66491f47a406f
                           .group:00000000 wm4.stm32f1xx_hal.h.101.c80f672c38b2f88a7deb75929f9f6bbe

NO UNDEFINED SYMBOLS
ARM GAS  C:\Users\MATEUS~1\AppData\Local\Temp\ccDCQdAo.s 			page 3


