ARM GAS  C:\Users\MATEUS~1\AppData\Local\Temp\ccqyPYSN.s 			page 1


   1              		.syntax unified
   2              		.cpu cortex-m3
   3              		.fpu softvfp
   4              		.eabi_attribute 20, 1
   5              		.eabi_attribute 21, 1
   6              		.eabi_attribute 23, 3
   7              		.eabi_attribute 24, 1
   8              		.eabi_attribute 25, 1
   9              		.eabi_attribute 26, 1
  10              		.eabi_attribute 30, 6
  11              		.eabi_attribute 34, 1
  12              		.eabi_attribute 18, 4
  13              		.thumb
  14              		.syntax unified
  15              		.file	"stm32f1xx_it.c"
  16              		.text
  17              	.Ltext0:
  18              		.cfi_sections	.debug_frame
  19              		.section	.text.NMI_Handler,"ax",%progbits
  20              		.align	2
  21              		.global	NMI_Handler
  22              		.thumb
  23              		.thumb_func
  25              	NMI_Handler:
  26              	.LFB64:
  27              		.file 1 "Src/stm32f1xx_it.c"
   1:Src/stm32f1xx_it.c **** /**
   2:Src/stm32f1xx_it.c ****   ******************************************************************************
   3:Src/stm32f1xx_it.c ****   * @file    stm32f1xx_it.c
   4:Src/stm32f1xx_it.c ****   * @brief   Interrupt Service Routines.
   5:Src/stm32f1xx_it.c ****   ******************************************************************************
   6:Src/stm32f1xx_it.c ****   *
   7:Src/stm32f1xx_it.c ****   * COPYRIGHT(c) 2018 STMicroelectronics
   8:Src/stm32f1xx_it.c ****   *
   9:Src/stm32f1xx_it.c ****   * Redistribution and use in source and binary forms, with or without modification,
  10:Src/stm32f1xx_it.c ****   * are permitted provided that the following conditions are met:
  11:Src/stm32f1xx_it.c ****   *   1. Redistributions of source code must retain the above copyright notice,
  12:Src/stm32f1xx_it.c ****   *      this list of conditions and the following disclaimer.
  13:Src/stm32f1xx_it.c ****   *   2. Redistributions in binary form must reproduce the above copyright notice,
  14:Src/stm32f1xx_it.c ****   *      this list of conditions and the following disclaimer in the documentation
  15:Src/stm32f1xx_it.c ****   *      and/or other materials provided with the distribution.
  16:Src/stm32f1xx_it.c ****   *   3. Neither the name of STMicroelectronics nor the names of its contributors
  17:Src/stm32f1xx_it.c ****   *      may be used to endorse or promote products derived from this software
  18:Src/stm32f1xx_it.c ****   *      without specific prior written permission.
  19:Src/stm32f1xx_it.c ****   *
  20:Src/stm32f1xx_it.c ****   * THIS SOFTWARE IS PROVIDED BY THE COPYRIGHT HOLDERS AND CONTRIBUTORS "AS IS"
  21:Src/stm32f1xx_it.c ****   * AND ANY EXPRESS OR IMPLIED WARRANTIES, INCLUDING, BUT NOT LIMITED TO, THE
  22:Src/stm32f1xx_it.c ****   * IMPLIED WARRANTIES OF MERCHANTABILITY AND FITNESS FOR A PARTICULAR PURPOSE ARE
  23:Src/stm32f1xx_it.c ****   * DISCLAIMED. IN NO EVENT SHALL THE COPYRIGHT HOLDER OR CONTRIBUTORS BE LIABLE
  24:Src/stm32f1xx_it.c ****   * FOR ANY DIRECT, INDIRECT, INCIDENTAL, SPECIAL, EXEMPLARY, OR CONSEQUENTIAL
  25:Src/stm32f1xx_it.c ****   * DAMAGES (INCLUDING, BUT NOT LIMITED TO, PROCUREMENT OF SUBSTITUTE GOODS OR
  26:Src/stm32f1xx_it.c ****   * SERVICES; LOSS OF USE, DATA, OR PROFITS; OR BUSINESS INTERRUPTION) HOWEVER
  27:Src/stm32f1xx_it.c ****   * CAUSED AND ON ANY THEORY OF LIABILITY, WHETHER IN CONTRACT, STRICT LIABILITY,
  28:Src/stm32f1xx_it.c ****   * OR TORT (INCLUDING NEGLIGENCE OR OTHERWISE) ARISING IN ANY WAY OUT OF THE USE
  29:Src/stm32f1xx_it.c ****   * OF THIS SOFTWARE, EVEN IF ADVISED OF THE POSSIBILITY OF SUCH DAMAGE.
  30:Src/stm32f1xx_it.c ****   *
  31:Src/stm32f1xx_it.c ****   ******************************************************************************
ARM GAS  C:\Users\MATEUS~1\AppData\Local\Temp\ccqyPYSN.s 			page 2


  32:Src/stm32f1xx_it.c ****   */
  33:Src/stm32f1xx_it.c **** /* Includes ------------------------------------------------------------------*/
  34:Src/stm32f1xx_it.c **** #include "stm32f1xx_hal.h"
  35:Src/stm32f1xx_it.c **** #include "stm32f1xx.h"
  36:Src/stm32f1xx_it.c **** #include "stm32f1xx_it.h"
  37:Src/stm32f1xx_it.c **** 
  38:Src/stm32f1xx_it.c **** /* USER CODE BEGIN 0 */
  39:Src/stm32f1xx_it.c **** #include "encoder.h"
  40:Src/stm32f1xx_it.c **** #include "gpio.h"
  41:Src/stm32f1xx_it.c **** 
  42:Src/stm32f1xx_it.c **** extern encoder_t encoder_x;
  43:Src/stm32f1xx_it.c **** /* USER CODE END 0 */
  44:Src/stm32f1xx_it.c **** 
  45:Src/stm32f1xx_it.c **** /* External variables --------------------------------------------------------*/
  46:Src/stm32f1xx_it.c **** 
  47:Src/stm32f1xx_it.c **** /******************************************************************************/
  48:Src/stm32f1xx_it.c **** /*            Cortex-M3 Processor Interruption and Exception Handlers         */ 
  49:Src/stm32f1xx_it.c **** /******************************************************************************/
  50:Src/stm32f1xx_it.c **** 
  51:Src/stm32f1xx_it.c **** /**
  52:Src/stm32f1xx_it.c **** * @brief This function handles Non maskable interrupt.
  53:Src/stm32f1xx_it.c **** */
  54:Src/stm32f1xx_it.c **** void NMI_Handler(void)
  55:Src/stm32f1xx_it.c **** {
  28              		.loc 1 55 0
  29              		.cfi_startproc
  30              		@ args = 0, pretend = 0, frame = 0
  31              		@ frame_needed = 1, uses_anonymous_args = 0
  32              		@ link register save eliminated.
  33 0000 80B4     		push	{r7}
  34              	.LCFI0:
  35              		.cfi_def_cfa_offset 4
  36              		.cfi_offset 7, -4
  37 0002 00AF     		add	r7, sp, #0
  38              	.LCFI1:
  39              		.cfi_def_cfa_register 7
  56:Src/stm32f1xx_it.c ****   /* USER CODE BEGIN NonMaskableInt_IRQn 0 */
  57:Src/stm32f1xx_it.c **** 
  58:Src/stm32f1xx_it.c ****   /* USER CODE END NonMaskableInt_IRQn 0 */
  59:Src/stm32f1xx_it.c ****   /* USER CODE BEGIN NonMaskableInt_IRQn 1 */
  60:Src/stm32f1xx_it.c **** 
  61:Src/stm32f1xx_it.c ****   /* USER CODE END NonMaskableInt_IRQn 1 */
  62:Src/stm32f1xx_it.c **** }
  40              		.loc 1 62 0
  41 0004 00BF     		nop
  42 0006 BD46     		mov	sp, r7
  43              	.LCFI2:
  44              		.cfi_def_cfa_register 13
  45              		@ sp needed
  46 0008 80BC     		pop	{r7}
  47              	.LCFI3:
  48              		.cfi_restore 7
  49              		.cfi_def_cfa_offset 0
  50 000a 7047     		bx	lr
  51              		.cfi_endproc
  52              	.LFE64:
  54              		.section	.text.HardFault_Handler,"ax",%progbits
ARM GAS  C:\Users\MATEUS~1\AppData\Local\Temp\ccqyPYSN.s 			page 3


  55              		.align	2
  56              		.global	HardFault_Handler
  57              		.thumb
  58              		.thumb_func
  60              	HardFault_Handler:
  61              	.LFB65:
  63:Src/stm32f1xx_it.c **** 
  64:Src/stm32f1xx_it.c **** /**
  65:Src/stm32f1xx_it.c **** * @brief This function handles Hard fault interrupt.
  66:Src/stm32f1xx_it.c **** */
  67:Src/stm32f1xx_it.c **** void HardFault_Handler(void)
  68:Src/stm32f1xx_it.c **** {
  62              		.loc 1 68 0
  63              		.cfi_startproc
  64              		@ args = 0, pretend = 0, frame = 0
  65              		@ frame_needed = 1, uses_anonymous_args = 0
  66              		@ link register save eliminated.
  67 0000 80B4     		push	{r7}
  68              	.LCFI4:
  69              		.cfi_def_cfa_offset 4
  70              		.cfi_offset 7, -4
  71 0002 00AF     		add	r7, sp, #0
  72              	.LCFI5:
  73              		.cfi_def_cfa_register 7
  74              	.L3:
  69:Src/stm32f1xx_it.c ****   /* USER CODE BEGIN HardFault_IRQn 0 */
  70:Src/stm32f1xx_it.c **** 
  71:Src/stm32f1xx_it.c ****   /* USER CODE END HardFault_IRQn 0 */
  72:Src/stm32f1xx_it.c ****   while (1)
  73:Src/stm32f1xx_it.c ****   {
  74:Src/stm32f1xx_it.c ****     /* USER CODE BEGIN W1_HardFault_IRQn 0 */
  75:Src/stm32f1xx_it.c ****     /* USER CODE END W1_HardFault_IRQn 0 */
  76:Src/stm32f1xx_it.c ****   }
  75              		.loc 1 76 0 discriminator 1
  76 0004 FEE7     		b	.L3
  77              		.cfi_endproc
  78              	.LFE65:
  80 0006 00BF     		.section	.text.MemManage_Handler,"ax",%progbits
  81              		.align	2
  82              		.global	MemManage_Handler
  83              		.thumb
  84              		.thumb_func
  86              	MemManage_Handler:
  87              	.LFB66:
  77:Src/stm32f1xx_it.c ****   /* USER CODE BEGIN HardFault_IRQn 1 */
  78:Src/stm32f1xx_it.c **** 
  79:Src/stm32f1xx_it.c ****   /* USER CODE END HardFault_IRQn 1 */
  80:Src/stm32f1xx_it.c **** }
  81:Src/stm32f1xx_it.c **** 
  82:Src/stm32f1xx_it.c **** /**
  83:Src/stm32f1xx_it.c **** * @brief This function handles Memory management fault.
  84:Src/stm32f1xx_it.c **** */
  85:Src/stm32f1xx_it.c **** void MemManage_Handler(void)
  86:Src/stm32f1xx_it.c **** {
  88              		.loc 1 86 0
  89              		.cfi_startproc
  90              		@ args = 0, pretend = 0, frame = 0
ARM GAS  C:\Users\MATEUS~1\AppData\Local\Temp\ccqyPYSN.s 			page 4


  91              		@ frame_needed = 1, uses_anonymous_args = 0
  92              		@ link register save eliminated.
  93 0000 80B4     		push	{r7}
  94              	.LCFI6:
  95              		.cfi_def_cfa_offset 4
  96              		.cfi_offset 7, -4
  97 0002 00AF     		add	r7, sp, #0
  98              	.LCFI7:
  99              		.cfi_def_cfa_register 7
 100              	.L5:
  87:Src/stm32f1xx_it.c ****   /* USER CODE BEGIN MemoryManagement_IRQn 0 */
  88:Src/stm32f1xx_it.c **** 
  89:Src/stm32f1xx_it.c ****   /* USER CODE END MemoryManagement_IRQn 0 */
  90:Src/stm32f1xx_it.c ****   while (1)
  91:Src/stm32f1xx_it.c ****   {
  92:Src/stm32f1xx_it.c ****     /* USER CODE BEGIN W1_MemoryManagement_IRQn 0 */
  93:Src/stm32f1xx_it.c ****     /* USER CODE END W1_MemoryManagement_IRQn 0 */
  94:Src/stm32f1xx_it.c ****   }
 101              		.loc 1 94 0 discriminator 1
 102 0004 FEE7     		b	.L5
 103              		.cfi_endproc
 104              	.LFE66:
 106 0006 00BF     		.section	.text.BusFault_Handler,"ax",%progbits
 107              		.align	2
 108              		.global	BusFault_Handler
 109              		.thumb
 110              		.thumb_func
 112              	BusFault_Handler:
 113              	.LFB67:
  95:Src/stm32f1xx_it.c ****   /* USER CODE BEGIN MemoryManagement_IRQn 1 */
  96:Src/stm32f1xx_it.c **** 
  97:Src/stm32f1xx_it.c ****   /* USER CODE END MemoryManagement_IRQn 1 */
  98:Src/stm32f1xx_it.c **** }
  99:Src/stm32f1xx_it.c **** 
 100:Src/stm32f1xx_it.c **** /**
 101:Src/stm32f1xx_it.c **** * @brief This function handles Prefetch fault, memory access fault.
 102:Src/stm32f1xx_it.c **** */
 103:Src/stm32f1xx_it.c **** void BusFault_Handler(void)
 104:Src/stm32f1xx_it.c **** {
 114              		.loc 1 104 0
 115              		.cfi_startproc
 116              		@ args = 0, pretend = 0, frame = 0
 117              		@ frame_needed = 1, uses_anonymous_args = 0
 118              		@ link register save eliminated.
 119 0000 80B4     		push	{r7}
 120              	.LCFI8:
 121              		.cfi_def_cfa_offset 4
 122              		.cfi_offset 7, -4
 123 0002 00AF     		add	r7, sp, #0
 124              	.LCFI9:
 125              		.cfi_def_cfa_register 7
 126              	.L7:
 105:Src/stm32f1xx_it.c ****   /* USER CODE BEGIN BusFault_IRQn 0 */
 106:Src/stm32f1xx_it.c **** 
 107:Src/stm32f1xx_it.c ****   /* USER CODE END BusFault_IRQn 0 */
 108:Src/stm32f1xx_it.c ****   while (1)
 109:Src/stm32f1xx_it.c ****   {
ARM GAS  C:\Users\MATEUS~1\AppData\Local\Temp\ccqyPYSN.s 			page 5


 110:Src/stm32f1xx_it.c ****     /* USER CODE BEGIN W1_BusFault_IRQn 0 */
 111:Src/stm32f1xx_it.c ****     /* USER CODE END W1_BusFault_IRQn 0 */
 112:Src/stm32f1xx_it.c ****   }
 127              		.loc 1 112 0 discriminator 1
 128 0004 FEE7     		b	.L7
 129              		.cfi_endproc
 130              	.LFE67:
 132 0006 00BF     		.section	.text.UsageFault_Handler,"ax",%progbits
 133              		.align	2
 134              		.global	UsageFault_Handler
 135              		.thumb
 136              		.thumb_func
 138              	UsageFault_Handler:
 139              	.LFB68:
 113:Src/stm32f1xx_it.c ****   /* USER CODE BEGIN BusFault_IRQn 1 */
 114:Src/stm32f1xx_it.c **** 
 115:Src/stm32f1xx_it.c ****   /* USER CODE END BusFault_IRQn 1 */
 116:Src/stm32f1xx_it.c **** }
 117:Src/stm32f1xx_it.c **** 
 118:Src/stm32f1xx_it.c **** /**
 119:Src/stm32f1xx_it.c **** * @brief This function handles Undefined instruction or illegal state.
 120:Src/stm32f1xx_it.c **** */
 121:Src/stm32f1xx_it.c **** void UsageFault_Handler(void)
 122:Src/stm32f1xx_it.c **** {
 140              		.loc 1 122 0
 141              		.cfi_startproc
 142              		@ args = 0, pretend = 0, frame = 0
 143              		@ frame_needed = 1, uses_anonymous_args = 0
 144              		@ link register save eliminated.
 145 0000 80B4     		push	{r7}
 146              	.LCFI10:
 147              		.cfi_def_cfa_offset 4
 148              		.cfi_offset 7, -4
 149 0002 00AF     		add	r7, sp, #0
 150              	.LCFI11:
 151              		.cfi_def_cfa_register 7
 152              	.L9:
 123:Src/stm32f1xx_it.c ****   /* USER CODE BEGIN UsageFault_IRQn 0 */
 124:Src/stm32f1xx_it.c **** 
 125:Src/stm32f1xx_it.c ****   /* USER CODE END UsageFault_IRQn 0 */
 126:Src/stm32f1xx_it.c ****   while (1)
 127:Src/stm32f1xx_it.c ****   {
 128:Src/stm32f1xx_it.c ****     /* USER CODE BEGIN W1_UsageFault_IRQn 0 */
 129:Src/stm32f1xx_it.c ****     /* USER CODE END W1_UsageFault_IRQn 0 */
 130:Src/stm32f1xx_it.c ****   }
 153              		.loc 1 130 0 discriminator 1
 154 0004 FEE7     		b	.L9
 155              		.cfi_endproc
 156              	.LFE68:
 158 0006 00BF     		.section	.text.SVC_Handler,"ax",%progbits
 159              		.align	2
 160              		.global	SVC_Handler
 161              		.thumb
 162              		.thumb_func
 164              	SVC_Handler:
 165              	.LFB69:
 131:Src/stm32f1xx_it.c ****   /* USER CODE BEGIN UsageFault_IRQn 1 */
ARM GAS  C:\Users\MATEUS~1\AppData\Local\Temp\ccqyPYSN.s 			page 6


 132:Src/stm32f1xx_it.c **** 
 133:Src/stm32f1xx_it.c ****   /* USER CODE END UsageFault_IRQn 1 */
 134:Src/stm32f1xx_it.c **** }
 135:Src/stm32f1xx_it.c **** 
 136:Src/stm32f1xx_it.c **** /**
 137:Src/stm32f1xx_it.c **** * @brief This function handles System service call via SWI instruction.
 138:Src/stm32f1xx_it.c **** */
 139:Src/stm32f1xx_it.c **** void SVC_Handler(void)
 140:Src/stm32f1xx_it.c **** {
 166              		.loc 1 140 0
 167              		.cfi_startproc
 168              		@ args = 0, pretend = 0, frame = 0
 169              		@ frame_needed = 1, uses_anonymous_args = 0
 170              		@ link register save eliminated.
 171 0000 80B4     		push	{r7}
 172              	.LCFI12:
 173              		.cfi_def_cfa_offset 4
 174              		.cfi_offset 7, -4
 175 0002 00AF     		add	r7, sp, #0
 176              	.LCFI13:
 177              		.cfi_def_cfa_register 7
 141:Src/stm32f1xx_it.c ****   /* USER CODE BEGIN SVCall_IRQn 0 */
 142:Src/stm32f1xx_it.c **** 
 143:Src/stm32f1xx_it.c ****   /* USER CODE END SVCall_IRQn 0 */
 144:Src/stm32f1xx_it.c ****   /* USER CODE BEGIN SVCall_IRQn 1 */
 145:Src/stm32f1xx_it.c **** 
 146:Src/stm32f1xx_it.c ****   /* USER CODE END SVCall_IRQn 1 */
 147:Src/stm32f1xx_it.c **** }
 178              		.loc 1 147 0
 179 0004 00BF     		nop
 180 0006 BD46     		mov	sp, r7
 181              	.LCFI14:
 182              		.cfi_def_cfa_register 13
 183              		@ sp needed
 184 0008 80BC     		pop	{r7}
 185              	.LCFI15:
 186              		.cfi_restore 7
 187              		.cfi_def_cfa_offset 0
 188 000a 7047     		bx	lr
 189              		.cfi_endproc
 190              	.LFE69:
 192              		.section	.text.DebugMon_Handler,"ax",%progbits
 193              		.align	2
 194              		.global	DebugMon_Handler
 195              		.thumb
 196              		.thumb_func
 198              	DebugMon_Handler:
 199              	.LFB70:
 148:Src/stm32f1xx_it.c **** 
 149:Src/stm32f1xx_it.c **** /**
 150:Src/stm32f1xx_it.c **** * @brief This function handles Debug monitor.
 151:Src/stm32f1xx_it.c **** */
 152:Src/stm32f1xx_it.c **** void DebugMon_Handler(void)
 153:Src/stm32f1xx_it.c **** {
 200              		.loc 1 153 0
 201              		.cfi_startproc
 202              		@ args = 0, pretend = 0, frame = 0
ARM GAS  C:\Users\MATEUS~1\AppData\Local\Temp\ccqyPYSN.s 			page 7


 203              		@ frame_needed = 1, uses_anonymous_args = 0
 204              		@ link register save eliminated.
 205 0000 80B4     		push	{r7}
 206              	.LCFI16:
 207              		.cfi_def_cfa_offset 4
 208              		.cfi_offset 7, -4
 209 0002 00AF     		add	r7, sp, #0
 210              	.LCFI17:
 211              		.cfi_def_cfa_register 7
 154:Src/stm32f1xx_it.c ****   /* USER CODE BEGIN DebugMonitor_IRQn 0 */
 155:Src/stm32f1xx_it.c **** 
 156:Src/stm32f1xx_it.c ****   /* USER CODE END DebugMonitor_IRQn 0 */
 157:Src/stm32f1xx_it.c ****   /* USER CODE BEGIN DebugMonitor_IRQn 1 */
 158:Src/stm32f1xx_it.c **** 
 159:Src/stm32f1xx_it.c ****   /* USER CODE END DebugMonitor_IRQn 1 */
 160:Src/stm32f1xx_it.c **** }
 212              		.loc 1 160 0
 213 0004 00BF     		nop
 214 0006 BD46     		mov	sp, r7
 215              	.LCFI18:
 216              		.cfi_def_cfa_register 13
 217              		@ sp needed
 218 0008 80BC     		pop	{r7}
 219              	.LCFI19:
 220              		.cfi_restore 7
 221              		.cfi_def_cfa_offset 0
 222 000a 7047     		bx	lr
 223              		.cfi_endproc
 224              	.LFE70:
 226              		.section	.text.PendSV_Handler,"ax",%progbits
 227              		.align	2
 228              		.global	PendSV_Handler
 229              		.thumb
 230              		.thumb_func
 232              	PendSV_Handler:
 233              	.LFB71:
 161:Src/stm32f1xx_it.c **** 
 162:Src/stm32f1xx_it.c **** /**
 163:Src/stm32f1xx_it.c **** * @brief This function handles Pendable request for system service.
 164:Src/stm32f1xx_it.c **** */
 165:Src/stm32f1xx_it.c **** void PendSV_Handler(void)
 166:Src/stm32f1xx_it.c **** {
 234              		.loc 1 166 0
 235              		.cfi_startproc
 236              		@ args = 0, pretend = 0, frame = 0
 237              		@ frame_needed = 1, uses_anonymous_args = 0
 238              		@ link register save eliminated.
 239 0000 80B4     		push	{r7}
 240              	.LCFI20:
 241              		.cfi_def_cfa_offset 4
 242              		.cfi_offset 7, -4
 243 0002 00AF     		add	r7, sp, #0
 244              	.LCFI21:
 245              		.cfi_def_cfa_register 7
 167:Src/stm32f1xx_it.c ****   /* USER CODE BEGIN PendSV_IRQn 0 */
 168:Src/stm32f1xx_it.c **** 
 169:Src/stm32f1xx_it.c ****   /* USER CODE END PendSV_IRQn 0 */
ARM GAS  C:\Users\MATEUS~1\AppData\Local\Temp\ccqyPYSN.s 			page 8


 170:Src/stm32f1xx_it.c ****   /* USER CODE BEGIN PendSV_IRQn 1 */
 171:Src/stm32f1xx_it.c **** 
 172:Src/stm32f1xx_it.c ****   /* USER CODE END PendSV_IRQn 1 */
 173:Src/stm32f1xx_it.c **** }
 246              		.loc 1 173 0
 247 0004 00BF     		nop
 248 0006 BD46     		mov	sp, r7
 249              	.LCFI22:
 250              		.cfi_def_cfa_register 13
 251              		@ sp needed
 252 0008 80BC     		pop	{r7}
 253              	.LCFI23:
 254              		.cfi_restore 7
 255              		.cfi_def_cfa_offset 0
 256 000a 7047     		bx	lr
 257              		.cfi_endproc
 258              	.LFE71:
 260              		.section	.text.SysTick_Handler,"ax",%progbits
 261              		.align	2
 262              		.global	SysTick_Handler
 263              		.thumb
 264              		.thumb_func
 266              	SysTick_Handler:
 267              	.LFB72:
 174:Src/stm32f1xx_it.c **** 
 175:Src/stm32f1xx_it.c **** /**
 176:Src/stm32f1xx_it.c **** * @brief This function handles System tick timer.
 177:Src/stm32f1xx_it.c **** */
 178:Src/stm32f1xx_it.c **** void SysTick_Handler(void)
 179:Src/stm32f1xx_it.c **** {
 268              		.loc 1 179 0
 269              		.cfi_startproc
 270              		@ args = 0, pretend = 0, frame = 0
 271              		@ frame_needed = 1, uses_anonymous_args = 0
 272 0000 80B5     		push	{r7, lr}
 273              	.LCFI24:
 274              		.cfi_def_cfa_offset 8
 275              		.cfi_offset 7, -8
 276              		.cfi_offset 14, -4
 277 0002 00AF     		add	r7, sp, #0
 278              	.LCFI25:
 279              		.cfi_def_cfa_register 7
 180:Src/stm32f1xx_it.c ****   /* USER CODE BEGIN SysTick_IRQn 0 */
 181:Src/stm32f1xx_it.c **** 
 182:Src/stm32f1xx_it.c ****   /* USER CODE END SysTick_IRQn 0 */
 183:Src/stm32f1xx_it.c ****   HAL_IncTick();
 280              		.loc 1 183 0
 281 0004 FFF7FEFF 		bl	HAL_IncTick
 184:Src/stm32f1xx_it.c ****   HAL_SYSTICK_IRQHandler();
 282              		.loc 1 184 0
 283 0008 FFF7FEFF 		bl	HAL_SYSTICK_IRQHandler
 185:Src/stm32f1xx_it.c ****   /* USER CODE BEGIN SysTick_IRQn 1 */
 186:Src/stm32f1xx_it.c **** 
 187:Src/stm32f1xx_it.c ****   /* USER CODE END SysTick_IRQn 1 */
 188:Src/stm32f1xx_it.c **** }
 284              		.loc 1 188 0
 285 000c 00BF     		nop
ARM GAS  C:\Users\MATEUS~1\AppData\Local\Temp\ccqyPYSN.s 			page 9


 286 000e 80BD     		pop	{r7, pc}
 287              		.cfi_endproc
 288              	.LFE72:
 290              		.section	.text.EXTI1_IRQHandler,"ax",%progbits
 291              		.align	2
 292              		.global	EXTI1_IRQHandler
 293              		.thumb
 294              		.thumb_func
 296              	EXTI1_IRQHandler:
 297              	.LFB73:
 189:Src/stm32f1xx_it.c **** 
 190:Src/stm32f1xx_it.c **** /******************************************************************************/
 191:Src/stm32f1xx_it.c **** /* STM32F1xx Peripheral Interrupt Handlers                                    */
 192:Src/stm32f1xx_it.c **** /* Add here the Interrupt Handlers for the used peripherals.                  */
 193:Src/stm32f1xx_it.c **** /* For the available peripheral interrupt handler names,                      */
 194:Src/stm32f1xx_it.c **** /* please refer to the startup file (startup_stm32f1xx.s).                    */
 195:Src/stm32f1xx_it.c **** /******************************************************************************/
 196:Src/stm32f1xx_it.c **** 
 197:Src/stm32f1xx_it.c **** /**
 198:Src/stm32f1xx_it.c **** * @brief This function handles EXTI line1 interrupt.
 199:Src/stm32f1xx_it.c **** */
 200:Src/stm32f1xx_it.c **** void EXTI1_IRQHandler(void)
 201:Src/stm32f1xx_it.c **** {
 298              		.loc 1 201 0
 299              		.cfi_startproc
 300              		@ args = 0, pretend = 0, frame = 0
 301              		@ frame_needed = 1, uses_anonymous_args = 0
 302 0000 80B5     		push	{r7, lr}
 303              	.LCFI26:
 304              		.cfi_def_cfa_offset 8
 305              		.cfi_offset 7, -8
 306              		.cfi_offset 14, -4
 307 0002 00AF     		add	r7, sp, #0
 308              	.LCFI27:
 309              		.cfi_def_cfa_register 7
 202:Src/stm32f1xx_it.c ****   /* USER CODE BEGIN EXTI1_IRQn 0 */
 203:Src/stm32f1xx_it.c **** 	if (__HAL_GPIO_EXTI_GET_IT(GPIO_PIN_1) != RESET) encoder_gpio_event(&encoder_x, GPIOB, GPIO_PIN_1)
 310              		.loc 1 203 0
 311 0004 074B     		ldr	r3, .L16
 312 0006 5B69     		ldr	r3, [r3, #20]
 313 0008 03F00203 		and	r3, r3, #2
 314 000c 002B     		cmp	r3, #0
 315 000e 04D0     		beq	.L15
 316              		.loc 1 203 0 is_stmt 0 discriminator 1
 317 0010 0222     		movs	r2, #2
 318 0012 0549     		ldr	r1, .L16+4
 319 0014 0548     		ldr	r0, .L16+8
 320 0016 FFF7FEFF 		bl	encoder_gpio_event
 321              	.L15:
 204:Src/stm32f1xx_it.c **** 
 205:Src/stm32f1xx_it.c ****   /* USER CODE END EXTI1_IRQn 0 */
 206:Src/stm32f1xx_it.c ****   HAL_GPIO_EXTI_IRQHandler(GPIO_PIN_1);
 322              		.loc 1 206 0 is_stmt 1
 323 001a 0220     		movs	r0, #2
 324 001c FFF7FEFF 		bl	HAL_GPIO_EXTI_IRQHandler
 207:Src/stm32f1xx_it.c ****   /* USER CODE BEGIN EXTI1_IRQn 1 */
 208:Src/stm32f1xx_it.c **** 
ARM GAS  C:\Users\MATEUS~1\AppData\Local\Temp\ccqyPYSN.s 			page 10


 209:Src/stm32f1xx_it.c ****   /* USER CODE END EXTI1_IRQn 1 */
 210:Src/stm32f1xx_it.c **** }
 325              		.loc 1 210 0
 326 0020 00BF     		nop
 327 0022 80BD     		pop	{r7, pc}
 328              	.L17:
 329              		.align	2
 330              	.L16:
 331 0024 00040140 		.word	1073808384
 332 0028 000C0140 		.word	1073810432
 333 002c 00000000 		.word	encoder_x
 334              		.cfi_endproc
 335              	.LFE73:
 337              		.section	.text.EXTI15_10_IRQHandler,"ax",%progbits
 338              		.align	2
 339              		.global	EXTI15_10_IRQHandler
 340              		.thumb
 341              		.thumb_func
 343              	EXTI15_10_IRQHandler:
 344              	.LFB74:
 211:Src/stm32f1xx_it.c **** 
 212:Src/stm32f1xx_it.c **** /**
 213:Src/stm32f1xx_it.c **** * @brief This function handles EXTI line[15:10] interrupts.
 214:Src/stm32f1xx_it.c **** */
 215:Src/stm32f1xx_it.c **** void EXTI15_10_IRQHandler(void)
 216:Src/stm32f1xx_it.c **** {
 345              		.loc 1 216 0
 346              		.cfi_startproc
 347              		@ args = 0, pretend = 0, frame = 0
 348              		@ frame_needed = 1, uses_anonymous_args = 0
 349 0000 80B5     		push	{r7, lr}
 350              	.LCFI28:
 351              		.cfi_def_cfa_offset 8
 352              		.cfi_offset 7, -8
 353              		.cfi_offset 14, -4
 354 0002 00AF     		add	r7, sp, #0
 355              	.LCFI29:
 356              		.cfi_def_cfa_register 7
 217:Src/stm32f1xx_it.c ****   /* USER CODE BEGIN EXTI15_10_IRQn 0 */
 218:Src/stm32f1xx_it.c **** 
 219:Src/stm32f1xx_it.c **** 	if (__HAL_GPIO_EXTI_GET_IT(GPIO_PIN_13) != RESET) encoder_gpio_event(&encoder_x, GPIOC, GPIO_PIN_1
 357              		.loc 1 219 0
 358 0004 104B     		ldr	r3, .L21
 359 0006 5B69     		ldr	r3, [r3, #20]
 360 0008 03F40053 		and	r3, r3, #8192
 361 000c 002B     		cmp	r3, #0
 362 000e 05D0     		beq	.L19
 363              		.loc 1 219 0 is_stmt 0 discriminator 1
 364 0010 4FF40052 		mov	r2, #8192
 365 0014 0D49     		ldr	r1, .L21+4
 366 0016 0E48     		ldr	r0, .L21+8
 367 0018 FFF7FEFF 		bl	encoder_gpio_event
 368              	.L19:
 220:Src/stm32f1xx_it.c **** 	if (__HAL_GPIO_EXTI_GET_IT(GPIO_PIN_14) != RESET) encoder_gpio_event(&encoder_x, GPIOC, GPIO_PIN_1
 369              		.loc 1 220 0 is_stmt 1
 370 001c 0A4B     		ldr	r3, .L21
 371 001e 5B69     		ldr	r3, [r3, #20]
ARM GAS  C:\Users\MATEUS~1\AppData\Local\Temp\ccqyPYSN.s 			page 11


 372 0020 03F48043 		and	r3, r3, #16384
 373 0024 002B     		cmp	r3, #0
 374 0026 05D0     		beq	.L20
 375              		.loc 1 220 0 is_stmt 0 discriminator 1
 376 0028 4FF48042 		mov	r2, #16384
 377 002c 0749     		ldr	r1, .L21+4
 378 002e 0848     		ldr	r0, .L21+8
 379 0030 FFF7FEFF 		bl	encoder_gpio_event
 380              	.L20:
 221:Src/stm32f1xx_it.c **** 
 222:Src/stm32f1xx_it.c **** 
 223:Src/stm32f1xx_it.c ****   /* USER CODE END EXTI15_10_IRQn 0 */
 224:Src/stm32f1xx_it.c ****   HAL_GPIO_EXTI_IRQHandler(GPIO_PIN_13);
 381              		.loc 1 224 0 is_stmt 1
 382 0034 4FF40050 		mov	r0, #8192
 383 0038 FFF7FEFF 		bl	HAL_GPIO_EXTI_IRQHandler
 225:Src/stm32f1xx_it.c ****   HAL_GPIO_EXTI_IRQHandler(GPIO_PIN_14);
 384              		.loc 1 225 0
 385 003c 4FF48040 		mov	r0, #16384
 386 0040 FFF7FEFF 		bl	HAL_GPIO_EXTI_IRQHandler
 226:Src/stm32f1xx_it.c ****   /* USER CODE BEGIN EXTI15_10_IRQn 1 */
 227:Src/stm32f1xx_it.c **** 
 228:Src/stm32f1xx_it.c ****   /* USER CODE END EXTI15_10_IRQn 1 */
 229:Src/stm32f1xx_it.c **** }
 387              		.loc 1 229 0
 388 0044 00BF     		nop
 389 0046 80BD     		pop	{r7, pc}
 390              	.L22:
 391              		.align	2
 392              	.L21:
 393 0048 00040140 		.word	1073808384
 394 004c 00100140 		.word	1073811456
 395 0050 00000000 		.word	encoder_x
 396              		.cfi_endproc
 397              	.LFE74:
 399              		.text
 400              	.Letext0:
 401              		.file 2 "c:\\program files (x86)\\gnu tools arm embedded\\5.4 2016q3\\arm-none-eabi\\include\\mach
 402              		.file 3 "c:\\program files (x86)\\gnu tools arm embedded\\5.4 2016q3\\arm-none-eabi\\include\\sys\
 403              		.file 4 "Drivers/CMSIS/Device/ST/STM32F1xx/Include/stm32f103xb.h"
 404              		.file 5 "Drivers/CMSIS/Device/ST/STM32F1xx/Include/stm32f1xx.h"
 405              		.file 6 "Inc/encoder.h"
 406              		.file 7 "Drivers/CMSIS/Include/core_cm3.h"
ARM GAS  C:\Users\MATEUS~1\AppData\Local\Temp\ccqyPYSN.s 			page 12


DEFINED SYMBOLS
                            *ABS*:00000000 stm32f1xx_it.c
C:\Users\MATEUS~1\AppData\Local\Temp\ccqyPYSN.s:20     .text.NMI_Handler:00000000 $t
C:\Users\MATEUS~1\AppData\Local\Temp\ccqyPYSN.s:25     .text.NMI_Handler:00000000 NMI_Handler
C:\Users\MATEUS~1\AppData\Local\Temp\ccqyPYSN.s:55     .text.HardFault_Handler:00000000 $t
C:\Users\MATEUS~1\AppData\Local\Temp\ccqyPYSN.s:60     .text.HardFault_Handler:00000000 HardFault_Handler
C:\Users\MATEUS~1\AppData\Local\Temp\ccqyPYSN.s:81     .text.MemManage_Handler:00000000 $t
C:\Users\MATEUS~1\AppData\Local\Temp\ccqyPYSN.s:86     .text.MemManage_Handler:00000000 MemManage_Handler
C:\Users\MATEUS~1\AppData\Local\Temp\ccqyPYSN.s:107    .text.BusFault_Handler:00000000 $t
C:\Users\MATEUS~1\AppData\Local\Temp\ccqyPYSN.s:112    .text.BusFault_Handler:00000000 BusFault_Handler
C:\Users\MATEUS~1\AppData\Local\Temp\ccqyPYSN.s:133    .text.UsageFault_Handler:00000000 $t
C:\Users\MATEUS~1\AppData\Local\Temp\ccqyPYSN.s:138    .text.UsageFault_Handler:00000000 UsageFault_Handler
C:\Users\MATEUS~1\AppData\Local\Temp\ccqyPYSN.s:159    .text.SVC_Handler:00000000 $t
C:\Users\MATEUS~1\AppData\Local\Temp\ccqyPYSN.s:164    .text.SVC_Handler:00000000 SVC_Handler
C:\Users\MATEUS~1\AppData\Local\Temp\ccqyPYSN.s:193    .text.DebugMon_Handler:00000000 $t
C:\Users\MATEUS~1\AppData\Local\Temp\ccqyPYSN.s:198    .text.DebugMon_Handler:00000000 DebugMon_Handler
C:\Users\MATEUS~1\AppData\Local\Temp\ccqyPYSN.s:227    .text.PendSV_Handler:00000000 $t
C:\Users\MATEUS~1\AppData\Local\Temp\ccqyPYSN.s:232    .text.PendSV_Handler:00000000 PendSV_Handler
C:\Users\MATEUS~1\AppData\Local\Temp\ccqyPYSN.s:261    .text.SysTick_Handler:00000000 $t
C:\Users\MATEUS~1\AppData\Local\Temp\ccqyPYSN.s:266    .text.SysTick_Handler:00000000 SysTick_Handler
C:\Users\MATEUS~1\AppData\Local\Temp\ccqyPYSN.s:291    .text.EXTI1_IRQHandler:00000000 $t
C:\Users\MATEUS~1\AppData\Local\Temp\ccqyPYSN.s:296    .text.EXTI1_IRQHandler:00000000 EXTI1_IRQHandler
C:\Users\MATEUS~1\AppData\Local\Temp\ccqyPYSN.s:331    .text.EXTI1_IRQHandler:00000024 $d
C:\Users\MATEUS~1\AppData\Local\Temp\ccqyPYSN.s:338    .text.EXTI15_10_IRQHandler:00000000 $t
C:\Users\MATEUS~1\AppData\Local\Temp\ccqyPYSN.s:343    .text.EXTI15_10_IRQHandler:00000000 EXTI15_10_IRQHandler
C:\Users\MATEUS~1\AppData\Local\Temp\ccqyPYSN.s:393    .text.EXTI15_10_IRQHandler:00000048 $d
                     .debug_frame:00000010 $d
                           .group:00000000 wm4.0.8e003669b0c71c0a33544209f61bc06c
                           .group:00000000 wm4.main.h.42.3e9602f258f21c216c24749e16771da2
                           .group:00000000 wm4.stm32f1xx_hal_conf.h.52.694831360934fa22cef97aea9ad52ec0
                           .group:00000000 wm4.stm32f1xx.h.57.c2a10934f4c6830aeb7e4997f02806f1
                           .group:00000000 wm4.stm32f103xb.h.56.66305a77cea9d5300aac997a78930076
                           .group:00000000 wm4._newlib_version.h.4.ad342815780c8db09778091a421b5b5b
                           .group:00000000 wm4.features.h.33.d97f2d646536517df901beeb5b9993f5
                           .group:00000000 wm4._default_types.h.15.933e8edd27a65e0b69af4a865eb623d2
                           .group:00000000 wm4._intsup.h.10.b82bf99f69d6a5c085fc866de0d3eb9b
                           .group:00000000 wm4._stdint.h.10.7a5f60e6741af4a5594a3867d347e1f9
                           .group:00000000 wm4.stdint.h.23.373a9d32a9e4c2e88fd347156532d281
                           .group:00000000 wm4.core_cm3.h.74.7d5fecd6d4522d755d10a23d1542f805
                           .group:00000000 wm4.cmsis_gcc.h.36.67d2dcde6a14ff518eedc1d545d89a76
                           .group:00000000 wm4.core_cm3.h.175.a6c441adf1a05ce96eea3cf78e6687ab
                           .group:00000000 wm4.stm32f103xb.h.619.382b3c85cac6f0350ee5bfaff32e1ebc
                           .group:00000000 wm4.stm32f1xx.h.180.c0013e6ebd6ad07f67c298190b8eac92
                           .group:00000000 wm4.newlib.h.8.36dd0417407b0a085bc04c49cc2ed13a
                           .group:00000000 wm4.config.h.219.65a553ab5bef5482f0d7880b0d33015e
                           .group:00000000 wm4._ansi.h.23.9f8fcfa20193763fcf364fb91705c94b
                           .group:00000000 wm4.stdio.h.31.7c0e28c411445f3f9c5b11accf882760
                           .group:00000000 wm4.stddef.h.187.2ff233552538c6ff9b8575ca8ea52cb3
                           .group:00000000 wm4.cdefs.h.47.ba62642086d429b4f95c2381cae1c0aa
                           .group:00000000 wm4.stddef.h.39.ec95e8feac892e292b69dc7ae75b0d64
                           .group:00000000 wm4.stdarg.h.34.3a23a216c0c293b3d2ea2e89281481e6
                           .group:00000000 wm4.lock.h.2.9bc98482741e5e2a9450b12934a684ea
                           .group:00000000 wm4._types.h.125.5cf8a495f1f7ef36777ad868a1e32068
                           .group:00000000 wm4.stddef.h.161.5349cb105733e8777bfb0cf53c4e3f34
                           .group:00000000 wm4._types.h.183.c226d164ceca1f2ecb9ae9360c54a098
                           .group:00000000 wm4.reent.h.17.23b059516345f8f5abfa01ddc379570f
                           .group:00000000 wm4.types.h.40.e8c16e7ec36ba55f133d0616070e25fc
ARM GAS  C:\Users\MATEUS~1\AppData\Local\Temp\ccqyPYSN.s 			page 13


                           .group:00000000 wm4._endian.h.31.65a10590763c3dde1ac4a7f66d7d4891
                           .group:00000000 wm4.endian.h.9.49f3a4695c1b61e8a0808de3c4a106cb
                           .group:00000000 wm4._timeval.h.30.0e8bfd94e85db17dda3286ee81496fe6
                           .group:00000000 wm4.timespec.h.41.d855182eb0e690443ab8651bcedca6e1
                           .group:00000000 wm4.select.h.30.bbece7fa40993a78092dcc5805132560
                           .group:00000000 wm4.types.h.69.ed3eae3cf73030a737515151ebcab7a1
                           .group:00000000 wm4.stdio.h.2.4aa87247282eca6c8f36f9de33d8df1a
                           .group:00000000 wm4.stdio.h.81.8188691c2279eac7a223caa50f6694b9
                           .group:00000000 wm4.stm32f1xx_hal_def.h.75.49f74f1b76b21b32115f01d919dedfe9
                           .group:00000000 wm4.stm32f1xx_hal_rcc.h.110.e8776981928b0b5f4b34a0798958a52d
                           .group:00000000 wm4.stm32f1xx_hal_rcc_ex.h.38.d69020e892acea139e28d501e199a898
                           .group:00000000 wm4.stm32f1xx_hal_rcc.h.1217.4363bfbab2bddd7821442b2bd7309b62
                           .group:00000000 wm4.stm32f1xx_hal_gpio.h.38.154e4ee32f1e606c3d2bf481de68fa8f
                           .group:00000000 wm4.stm32f1xx_hal_gpio_ex.h.38.b1760b0a36205a773f96b64105bf573b
                           .group:00000000 wm4.stm32f1xx_hal_gpio.h.279.f7fb4bf14b992a51de3ea5920d36cbc8
                           .group:00000000 wm4.stm32f1xx_hal_dma.h.38.7ba73d8fbb5802987cd3c94d3cb2acfc
                           .group:00000000 wm4.stm32f1xx_hal_dma_ex.h.38.c1f016a34e6785541786945b74870a35
                           .group:00000000 wm4.stm32f1xx_hal_dma.h.425.ea703e7b8c2a94afae7354b55b709b4c
                           .group:00000000 wm4.stm32f1xx_hal_cortex.h.38.886490b3101139066008b34124bf11c4
                           .group:00000000 wm4.stm32f1xx_hal_flash.h.38.bef5191653b2e1c62feeefaeb5a5cc36
                           .group:00000000 wm4.stm32f1xx_hal_flash_ex.h.38.e594fb3e52b67489b87423fe0ced0812
                           .group:00000000 wm4.stm32f1xx_hal_pwr.h.38.f2410f2a88433ca6e6e66491f47a406f
                           .group:00000000 wm4.stm32f1xx_hal.h.101.c80f672c38b2f88a7deb75929f9f6bbe

UNDEFINED SYMBOLS
HAL_IncTick
HAL_SYSTICK_IRQHandler
encoder_gpio_event
HAL_GPIO_EXTI_IRQHandler
encoder_x
